INFO:enter_card_logging:surplus get 0 
, money received 0 
, cost20 
  date2024-05-22
time  23:23:53

INFO:enter_card_logging:check price date2024-05-22
time  23:23:53

INFO:enter_card_logging:surplus get 7.949999999999999 
, money received 27.95 
, cost20 

INFO:enter_card_logging:האיחור של: שםrachel שעה:
  23:23:53 תאריך :
 2024-05-22  
 מחיר :20
 סכום שהתקבל:27.95
 עודף ללקוח:7.949999999999999 
INFO:enter_card_logging:surplus get 0 
, money received 0 
, cost20 
  date2024-06-02
time  13:54:01

INFO:enter_card_logging:surplus get 0 
, money received 0 
, cost20 
  date2024-06-02
time  13:54:43

INFO:enter_card_logging:surplus get 0 
, money received 0 
, cost20 
  date2024-06-02
time  13:57:58

INFO:enter_card_logging:surplus get 0 
, money received 0 
, cost20 
  date2024-06-02
time  13:58:20

INFO:enter_card_logging:surplus get 0 
, money received 0 
, cost20 
  date2024-06-02
time  14:10:58

INFO:enter_card_logging:surplus get 0 
, money received 0 
, cost20 
  date2024-06-16
time  00:27:50

INFO:enter_card_logging:check price date2024-06-16
time  00:27:50

INFO:enter_card_logging:surplus get 5.5 
, money received 25.5 
, cost20 

INFO:enter_card_logging:האיחור של: שםrachel שעה:
  00:27:50 תאריך :
 2024-06-16  
 מחיר :20
 סכום שהתקבל:25.5
 עודף ללקוח:5.5 
INFO:enter_card_logging:surplus get 0 
, money received 0 
, cost20 
  date2024-06-16
time  00:40:55

INFO:enter_card_logging:check price date2024-06-16
time  00:40:55

INFO:enter_card_logging:surplus get 35.0 
, money received 55.0 
, cost20 

INFO:enter_card_logging:האיחור של: שםrachel שעה:
  00:40:55 תאריך :
 2024-06-16  
 מחיר :20
 סכום שהתקבל:55.0
 עודף ללקוח:35.0 
INFO:enter_card_logging:surplus get 0 
, money received 0 
, cost20 
  date2024-06-16
time  00:51:44

INFO:enter_card_logging:surplus get 0 
, money received 0 
, cost20 
  date2024-06-16
time  00:52:37

INFO:enter_card_logging:surplus get 0 
, money received 0 
, cost20 
  date2024-06-16
time  00:53:35

INFO:enter_card_logging:surplus get 0 
, money received 0 
, cost20 
  date2024-06-16
time  00:54:30

INFO:enter_card_logging:surplus get 0 
, money received 0 
, cost20 
  date2024-06-16
time  00:54:47

INFO:enter_card_logging:surplus get 0 
, money received 0 
, cost20 
  date2024-06-16
time  00:55:20

INFO:enter_card_logging:surplus get 0 
, money received 0 
, cost20 
  date2024-06-16
time  01:03:57

INFO:enter_card_logging:surplus get 0 
, money received 0 
, cost20 
  date2024-06-16
time  01:06:45

INFO:enter_card_logging:surplus get 0 
, money received 0 
, cost20 
  date2024-06-16
time  01:11:25

INFO:enter_card_logging:surplus get 0 
, money received 0 
, cost20 
  date2024-06-16
time  01:11:26

INFO:enter_card_logging:surplus get 0 
, money received 0 
, cost20 
  date2024-06-16
time  20:31:04

INFO:enter_card_logging:surplus get 0 
, money received 0 
, cost20 
  date2024-06-21
time  00:42:13

INFO:enter_card_logging:surplus get 0 
, money received 0 
, cost20 
  date2024-06-21
time  00:43:16

INFO:enter_card_logging:surplus get 0 
, money received 0 
, cost20 
  date2024-06-21
time  00:43:38

INFO:enter_card_logging:surplus get 0 
, money received 0 
, cost20 
  date2024-06-21
time  00:44:12

INFO:enter_card_logging:surplus get 0 
, money received 0 
, cost20 
  date2024-06-21
time  00:44:56

INFO:enter_card_logging:surplus get 0 
, money received 0 
, cost20 
  date2024-06-21
time  00:49:40

INFO:enter_card_logging:surplus get 0 
, money received 0 
, cost20 
  date2024-06-21
time  00:50:37

INFO:enter_card_logging:surplus get 0 
, money received 0 
, cost20 
  date2024-06-21
time  00:51:24

INFO:enter_card_logging:surplus get 0 
, money received 0 
, cost20 
  date2024-06-21
time  00:52:41

INFO:enter_card_logging:surplus get 0 
, money received 0 
, cost20 
  date2024-06-21
time  00:54:08

INFO:enter_card_logging:surplus get 0 
, money received 0 
, cost20 
  date2024-06-21
time  00:54:30

INFO:enter_card_logging:surplus get 0 
, money received 0 
, cost20 
  date2024-06-21
time  00:54:54

INFO:enter_card_logging:surplus get 0 
, money received 0 
, cost20 
  date2024-06-21
time  00:54:57

INFO:enter_card_logging:surplus get 0 
, money received 0 
, cost20 
  date2024-06-21
time  00:55:35

INFO:enter_card_logging:surplus get 0 
, money received 0 
, cost20 
  date2024-06-21
time  00:56:10

INFO:enter_card_logging:surplus get 0 
, money received 0 
, cost20 
  date2024-06-21
time  00:56:36

INFO:enter_card_logging:surplus get 0 
, money received 0 
, cost20 
  date2024-06-21
time  00:57:06

INFO:enter_card_logging:surplus get 0 
, money received 0 
, cost20 
  date2024-06-21
time  00:57:55

INFO:enter_card_logging:surplus get 0 
, money received 0 
, cost20 
  date2024-06-21
time  00:59:15

INFO:enter_card_logging:surplus get 0 
, money received 0 
, cost20 
  date2024-06-23
time  01:51:22

